<?xml version="1.0" encoding="UTF-8"?>
<!-- Generated by org.testng.reporters.JUnitReportReporter -->
<testsuite hostname="DESKTOP-1Q7D8OU" failures="0" tests="1" name="testClassPkg.TestPersonalDetailsForm" time="51.234" errors="0" timestamp="2022-03-24T10:25:24 IST" skipped="0">
  <testcase classname="testClassPkg.TestPersonalDetailsForm" name="personalDetailsform" time="51.234"/>
  <system-out/>
</testsuite> <!-- testClassPkg.TestPersonalDetailsForm -->
