<?xml version="1.0" encoding="UTF-8"?>
<!-- Generated by org.testng.reporters.JUnitReportReporter -->
<testsuite hostname="DESKTOP-SO8S6QD" failures="0" tests="5" name="testClassPkg.TestLoginPage" time="18.583" errors="0" timestamp="2023-07-25T13:10:50 IST" skipped="0">
  <testcase classname="testClassPkg.TestLoginPage" name="invalidLoginPage" time="3.298"/>
  <testcase classname="testClassPkg.TestLoginPage" name="invalidLoginPage" time="3.159"/>
  <testcase classname="testClassPkg.TestLoginPage" name="invalidLoginPage" time="3.735"/>
  <testcase classname="testClassPkg.TestLoginPage" name="loginPage" time="4.714"/>
  <testcase classname="testClassPkg.TestLoginPage" name="loginPage" time="3.677"/>
</testsuite> <!-- testClassPkg.TestLoginPage -->
