<?xml version="1.0" encoding="UTF-8"?>
<!-- Generated by org.testng.reporters.JUnitReportReporter -->
<testsuite hostname="DESKTOP-1Q7D8OU" failures="0" tests="12" name="testClassPkg.TestMyInfoModule" time="171.352" errors="0" timestamp="2022-04-01T16:16:37 IST" skipped="0">
  <testcase classname="testClassPkg.TestMyInfoModule" name="loginToApplication" time="8.769"/>
  <system-out/>
  <testcase classname="testClassPkg.TestMyInfoModule" name="contactDetailsForm" time="22.217"/>
  <system-out/>
  <testcase classname="testClassPkg.TestMyInfoModule" name="SocialMediaForm" time="8.635"/>
  <system-out/>
  <testcase classname="testClassPkg.TestMyInfoModule" name="loginToApplication" time="12.255"/>
  <system-out/>
  <testcase classname="testClassPkg.TestMyInfoModule" name="personalDetailsform" time="16.784"/>
  <system-out/>
  <testcase classname="testClassPkg.TestMyInfoModule" name="loginToApplication" time="10.230"/>
  <system-out/>
  <testcase classname="testClassPkg.TestMyInfoModule" name="DependentForm" time="7.777"/>
  <system-out/>
  <testcase classname="testClassPkg.TestMyInfoModule" name="SocialMediaForm" time="13.614"/>
  <system-out/>
  <testcase classname="testClassPkg.TestMyInfoModule" name="loginToApplication" time="8.050"/>
  <system-out/>
  <testcase classname="testClassPkg.TestMyInfoModule" name="loginToApplication" time="17.052"/>
  <system-out/>
  <testcase classname="testClassPkg.TestMyInfoModule" name="contactDetailsForm" time="29.022"/>
  <system-out/>
  <testcase classname="testClassPkg.TestMyInfoModule" name="DependentForm" time="16.947"/>
  <system-out/>
</testsuite> <!-- testClassPkg.TestMyInfoModule -->
